2021-12-19 23:48:42 INFO  StaticFieldsAndRequests:49 - получена информация объекта класса User
2021-12-19 23:48:42 INFO  StaticFieldsAndRequests:69 - получен ответ запроса get класса List<Application>
2021-12-19 23:48:42 INFO  StaticFieldsAndRequests:83 - получена информация объекта класса List<Application>
2021-12-19 23:48:42 INFO  StaticFieldsAndRequests:69 - получен ответ запроса get класса List<Application>
2021-12-19 23:48:42 INFO  StaticFieldsAndRequests:83 - получена информация объекта класса List<Application>
2021-12-19 23:48:42 INFO  HelloController:88 - окно mainWindow успешно создано
2021-12-19 23:48:43 INFO  StaticFieldsAndRequests:69 - получен ответ запроса get класса List<Application>
2021-12-19 23:48:43 INFO  StaticFieldsAndRequests:83 - получена информация объекта класса List<Application>
2021-12-19 23:48:44 INFO  StaticFieldsAndRequests:69 - получен ответ запроса get класса List<Application>
2021-12-19 23:48:44 INFO  StaticFieldsAndRequests:83 - получена информация объекта класса List<Application>
2021-12-19 23:48:45 INFO  MainWindowController:95 - окно FunctionCard успешно создано
2021-12-19 23:48:45 INFO  StaticFieldsAndRequests:69 - получен ответ запроса get класса List<Application>
2021-12-19 23:48:45 INFO  StaticFieldsAndRequests:83 - получена информация объекта класса List<Application>
2021-12-19 23:48:46 INFO  StaticFieldsAndRequests:69 - получен ответ запроса get класса List<Application>
2021-12-19 23:48:46 INFO  StaticFieldsAndRequests:83 - получена информация объекта класса List<Application>
2021-12-19 23:48:47 INFO  StaticFieldsAndRequests:69 - получен ответ запроса get класса List<Application>
2021-12-19 23:48:47 INFO  StaticFieldsAndRequests:83 - получена информация объекта класса List<Application>
2021-12-19 23:48:47 INFO  StaticFieldsAndRequests:136 - получен ответ запроса get класса List<Employee>
2021-12-19 23:48:47 INFO  StaticFieldsAndRequests:151 - получена информация объекта класса List<Employee>
2021-12-19 23:48:47 INFO  StaticFieldsAndRequests:207 - получен ответ запроса post класса Application
2021-12-19 23:48:47 INFO  StaticFieldsAndRequests:216 - получена информация объекта класса Application
2021-12-19 23:48:47 INFO  FunctionCardController:79 - окно ApplicationCard успешно закрыто
2021-12-19 23:48:48 INFO  StaticFieldsAndRequests:69 - получен ответ запроса get класса List<Application>
2021-12-19 23:48:48 INFO  StaticFieldsAndRequests:83 - получена информация объекта класса List<Application>
2021-12-19 23:48:49 INFO  StaticFieldsAndRequests:69 - получен ответ запроса get класса List<Application>
2021-12-19 23:48:49 INFO  StaticFieldsAndRequests:83 - получена информация объекта класса List<Application>
2021-12-19 23:48:50 INFO  StaticFieldsAndRequests:69 - получен ответ запроса get класса List<Application>
2021-12-19 23:48:50 INFO  StaticFieldsAndRequests:83 - получена информация объекта класса List<Application>
2021-12-19 23:48:51 INFO  StaticFieldsAndRequests:69 - получен ответ запроса get класса List<Application>
2021-12-19 23:48:51 INFO  StaticFieldsAndRequests:83 - получена информация объекта класса List<Application>
2021-12-19 23:48:52 INFO  StaticFieldsAndRequests:69 - получен ответ запроса get класса List<Application>
2021-12-19 23:48:52 INFO  StaticFieldsAndRequests:83 - получена информация объекта класса List<Application>
2021-12-19 23:48:53 INFO  StaticFieldsAndRequests:69 - получен ответ запроса get класса List<Application>
2021-12-19 23:48:53 INFO  StaticFieldsAndRequests:83 - получена информация объекта класса List<Application>
2021-12-19 23:48:53 INFO  StaticFieldsAndRequests:104 - получен ответ запроса get класса Employee
2021-12-19 23:48:53 INFO  StaticFieldsAndRequests:117 - получена информация объекта класса Employee
2021-12-19 23:48:53 INFO  MainWindowController:171 - окно ApplicationCard успешно создано
2021-12-19 23:48:53 INFO  StaticFieldsAndRequests:69 - получен ответ запроса get класса List<Application>
2021-12-19 23:48:53 INFO  StaticFieldsAndRequests:83 - получена информация объекта класса List<Application>
2021-12-19 23:48:54 INFO  StaticFieldsAndRequests:69 - получен ответ запроса get класса List<Application>
2021-12-19 23:48:54 INFO  StaticFieldsAndRequests:83 - получена информация объекта класса List<Application>
2021-12-19 23:48:55 INFO  StaticFieldsAndRequests:69 - получен ответ запроса get класса List<Application>
2021-12-19 23:48:55 INFO  StaticFieldsAndRequests:83 - получена информация объекта класса List<Application>
2021-12-19 23:48:56 INFO  StaticFieldsAndRequests:69 - получен ответ запроса get класса List<Application>
2021-12-19 23:48:56 INFO  StaticFieldsAndRequests:83 - получена информация объекта класса List<Application>
2021-12-19 23:48:57 INFO  StaticFieldsAndRequests:69 - получен ответ запроса get класса List<Application>
2021-12-19 23:48:57 INFO  StaticFieldsAndRequests:83 - получена информация объекта класса List<Application>
2021-12-19 23:48:58 INFO  StaticFieldsAndRequests:69 - получен ответ запроса get класса List<Application>
2021-12-19 23:48:58 INFO  StaticFieldsAndRequests:83 - получена информация объекта класса List<Application>
2021-12-19 23:48:59 INFO  StaticFieldsAndRequests:69 - получен ответ запроса get класса List<Application>
2021-12-19 23:48:59 INFO  StaticFieldsAndRequests:83 - получена информация объекта класса List<Application>
2021-12-19 23:49:00 INFO  StaticFieldsAndRequests:69 - получен ответ запроса get класса List<Application>
2021-12-19 23:49:00 INFO  StaticFieldsAndRequests:83 - получена информация объекта класса List<Application>
2021-12-19 23:49:01 INFO  StaticFieldsAndRequests:69 - получен ответ запроса get класса List<Application>
2021-12-19 23:49:01 INFO  StaticFieldsAndRequests:83 - получена информация объекта класса List<Application>
2021-12-19 23:49:02 INFO  StaticFieldsAndRequests:69 - получен ответ запроса get класса List<Application>
2021-12-19 23:49:02 INFO  StaticFieldsAndRequests:83 - получена информация объекта класса List<Application>
2021-12-19 23:49:03 INFO  StaticFieldsAndRequests:69 - получен ответ запроса get класса List<Application>
2021-12-19 23:49:03 INFO  StaticFieldsAndRequests:83 - получена информация объекта класса List<Application>
2021-12-19 23:49:04 INFO  StaticFieldsAndRequests:69 - получен ответ запроса get класса List<Application>
2021-12-19 23:49:04 INFO  StaticFieldsAndRequests:83 - получена информация объекта класса List<Application>
2021-12-19 23:49:05 INFO  StaticFieldsAndRequests:69 - получен ответ запроса get класса List<Application>
2021-12-19 23:49:06 INFO  StaticFieldsAndRequests:83 - получена информация объекта класса List<Application>
2021-12-19 23:49:07 INFO  StaticFieldsAndRequests:69 - получен ответ запроса get класса List<Application>
2021-12-19 23:49:07 INFO  StaticFieldsAndRequests:83 - получена информация объекта класса List<Application>
2021-12-19 23:49:07 INFO  MainWindowController:76 - окно hello-view успешно создано
2021-12-19 23:49:08 INFO  StaticFieldsAndRequests:69 - получен ответ запроса get класса List<Application>
2021-12-19 23:49:08 INFO  StaticFieldsAndRequests:83 - получена информация объекта класса List<Application>
2021-12-19 23:49:09 INFO  StaticFieldsAndRequests:69 - получен ответ запроса get класса List<Application>
2021-12-19 23:49:09 INFO  StaticFieldsAndRequests:83 - получена информация объекта класса List<Application>
2021-12-19 23:49:10 INFO  StaticFieldsAndRequests:69 - получен ответ запроса get класса List<Application>
2021-12-19 23:49:10 INFO  StaticFieldsAndRequests:83 - получена информация объекта класса List<Application>
2021-12-19 23:49:11 INFO  StaticFieldsAndRequests:69 - получен ответ запроса get класса List<Application>
2021-12-19 23:49:11 INFO  StaticFieldsAndRequests:83 - получена информация объекта класса List<Application>
2021-12-19 23:49:12 INFO  StaticFieldsAndRequests:69 - получен ответ запроса get класса List<Application>
2021-12-19 23:49:12 INFO  StaticFieldsAndRequests:83 - получена информация объекта класса List<Application>
2021-12-19 23:49:13 INFO  StaticFieldsAndRequests:69 - получен ответ запроса get класса List<Application>
2021-12-19 23:49:13 INFO  StaticFieldsAndRequests:83 - получена информация объекта класса List<Application>
2021-12-19 23:49:14 INFO  StaticFieldsAndRequests:69 - получен ответ запроса get класса List<Application>
2021-12-19 23:49:14 INFO  StaticFieldsAndRequests:83 - получена информация объекта класса List<Application>
2021-12-19 23:49:15 INFO  StaticFieldsAndRequests:69 - получен ответ запроса get класса List<Application>
2021-12-19 23:49:15 INFO  StaticFieldsAndRequests:83 - получена информация объекта класса List<Application>
2021-12-19 23:49:16 INFO  StaticFieldsAndRequests:69 - получен ответ запроса get класса List<Application>
2021-12-19 23:49:16 INFO  StaticFieldsAndRequests:83 - получена информация объекта класса List<Application>
2021-12-19 23:49:17 INFO  StaticFieldsAndRequests:69 - получен ответ запроса get класса List<Application>
2021-12-19 23:49:17 INFO  StaticFieldsAndRequests:83 - получена информация объекта класса List<Application>
2021-12-19 23:49:18 INFO  StaticFieldsAndRequests:69 - получен ответ запроса get класса List<Application>
2021-12-19 23:49:18 INFO  StaticFieldsAndRequests:83 - получена информация объекта класса List<Application>
2021-12-19 23:49:19 INFO  StaticFieldsAndRequests:69 - получен ответ запроса get класса List<Application>
2021-12-19 23:49:19 INFO  StaticFieldsAndRequests:83 - получена информация объекта класса List<Application>
2021-12-19 23:49:20 INFO  StaticFieldsAndRequests:69 - получен ответ запроса get класса List<Application>
2021-12-19 23:49:20 INFO  StaticFieldsAndRequests:83 - получена информация объекта класса List<Application>
2021-12-19 23:49:21 INFO  StaticFieldsAndRequests:69 - получен ответ запроса get класса List<Application>
2021-12-19 23:49:21 INFO  StaticFieldsAndRequests:83 - получена информация объекта класса List<Application>
2021-12-19 23:49:22 INFO  StaticFieldsAndRequests:69 - получен ответ запроса get класса List<Application>
2021-12-19 23:49:22 INFO  StaticFieldsAndRequests:83 - получена информация объекта класса List<Application>
2021-12-19 23:49:23 INFO  StaticFieldsAndRequests:69 - получен ответ запроса get класса List<Application>
2021-12-19 23:49:23 INFO  StaticFieldsAndRequests:83 - получена информация объекта класса List<Application>
2021-12-19 23:49:24 INFO  StaticFieldsAndRequests:69 - получен ответ запроса get класса List<Application>
2021-12-19 23:49:24 INFO  StaticFieldsAndRequests:83 - получена информация объекта класса List<Application>
2021-12-19 23:49:25 INFO  StaticFieldsAndRequests:69 - получен ответ запроса get класса List<Application>
2021-12-19 23:49:25 INFO  StaticFieldsAndRequests:83 - получена информация объекта класса List<Application>
2021-12-19 23:49:26 INFO  StaticFieldsAndRequests:69 - получен ответ запроса get класса List<Application>
2021-12-19 23:49:26 INFO  StaticFieldsAndRequests:83 - получена информация объекта класса List<Application>
2021-12-19 23:49:27 INFO  StaticFieldsAndRequests:69 - получен ответ запроса get класса List<Application>
2021-12-19 23:49:27 INFO  StaticFieldsAndRequests:83 - получена информация объекта класса List<Application>
2021-12-19 23:49:28 INFO  StaticFieldsAndRequests:69 - получен ответ запроса get класса List<Application>
2021-12-19 23:49:28 INFO  StaticFieldsAndRequests:83 - получена информация объекта класса List<Application>
2021-12-19 23:49:29 INFO  StaticFieldsAndRequests:69 - получен ответ запроса get класса List<Application>
2021-12-19 23:49:29 INFO  StaticFieldsAndRequests:83 - получена информация объекта класса List<Application>
2021-12-19 23:49:30 INFO  StaticFieldsAndRequests:69 - получен ответ запроса get класса List<Application>
2021-12-19 23:49:30 INFO  StaticFieldsAndRequests:83 - получена информация объекта класса List<Application>
2021-12-19 23:49:31 INFO  StaticFieldsAndRequests:69 - получен ответ запроса get класса List<Application>
2021-12-19 23:49:31 INFO  StaticFieldsAndRequests:83 - получена информация объекта класса List<Application>
2021-12-19 23:49:32 INFO  StaticFieldsAndRequests:69 - получен ответ запроса get класса List<Application>
2021-12-19 23:49:32 INFO  StaticFieldsAndRequests:83 - получена информация объекта класса List<Application>
2021-12-19 23:49:33 INFO  StaticFieldsAndRequests:69 - получен ответ запроса get класса List<Application>
2021-12-19 23:49:33 INFO  StaticFieldsAndRequests:83 - получена информация объекта класса List<Application>
2021-12-19 23:49:34 INFO  StaticFieldsAndRequests:69 - получен ответ запроса get класса List<Application>
2021-12-19 23:49:34 INFO  StaticFieldsAndRequests:83 - получена информация объекта класса List<Application>
2021-12-19 23:49:35 INFO  StaticFieldsAndRequests:69 - получен ответ запроса get класса List<Application>
2021-12-19 23:49:35 INFO  StaticFieldsAndRequests:83 - получена информация объекта класса List<Application>
2021-12-19 23:49:36 INFO  StaticFieldsAndRequests:69 - получен ответ запроса get класса List<Application>
2021-12-19 23:49:36 INFO  StaticFieldsAndRequests:83 - получена информация объекта класса List<Application>
2021-12-19 23:49:37 INFO  StaticFieldsAndRequests:69 - получен ответ запроса get класса List<Application>
2021-12-19 23:49:37 INFO  StaticFieldsAndRequests:83 - получена информация объекта класса List<Application>
2021-12-19 23:49:38 INFO  StaticFieldsAndRequests:69 - получен ответ запроса get класса List<Application>
2021-12-19 23:49:38 INFO  StaticFieldsAndRequests:83 - получена информация объекта класса List<Application>
2021-12-19 23:49:39 INFO  StaticFieldsAndRequests:69 - получен ответ запроса get класса List<Application>
2021-12-19 23:49:39 INFO  StaticFieldsAndRequests:83 - получена информация объекта класса List<Application>
2021-12-19 23:49:40 INFO  StaticFieldsAndRequests:69 - получен ответ запроса get класса List<Application>
2021-12-19 23:49:40 INFO  StaticFieldsAndRequests:83 - получена информация объекта класса List<Application>
2021-12-19 23:49:41 INFO  StaticFieldsAndRequests:69 - получен ответ запроса get класса List<Application>
2021-12-19 23:49:41 INFO  StaticFieldsAndRequests:83 - получена информация объекта класса List<Application>
2021-12-19 23:49:42 INFO  StaticFieldsAndRequests:69 - получен ответ запроса get класса List<Application>
2021-12-19 23:49:42 INFO  StaticFieldsAndRequests:83 - получена информация объекта класса List<Application>
2021-12-19 23:49:43 INFO  StaticFieldsAndRequests:69 - получен ответ запроса get класса List<Application>
2021-12-19 23:49:43 INFO  StaticFieldsAndRequests:83 - получена информация объекта класса List<Application>
2021-12-19 23:49:44 INFO  StaticFieldsAndRequests:69 - получен ответ запроса get класса List<Application>
2021-12-19 23:49:44 INFO  StaticFieldsAndRequests:83 - получена информация объекта класса List<Application>
2021-12-19 23:49:45 INFO  StaticFieldsAndRequests:69 - получен ответ запроса get класса List<Application>
2021-12-19 23:49:45 INFO  StaticFieldsAndRequests:83 - получена информация объекта класса List<Application>
2021-12-19 23:49:46 INFO  StaticFieldsAndRequests:69 - получен ответ запроса get класса List<Application>
2021-12-19 23:49:46 INFO  StaticFieldsAndRequests:83 - получена информация объекта класса List<Application>
2021-12-19 23:49:47 INFO  StaticFieldsAndRequests:69 - получен ответ запроса get класса List<Application>
2021-12-19 23:49:47 INFO  StaticFieldsAndRequests:83 - получена информация объекта класса List<Application>
2021-12-19 23:49:48 INFO  StaticFieldsAndRequests:69 - получен ответ запроса get класса List<Application>
2021-12-19 23:49:48 INFO  StaticFieldsAndRequests:83 - получена информация объекта класса List<Application>
2021-12-19 23:49:49 INFO  StaticFieldsAndRequests:69 - получен ответ запроса get класса List<Application>
2021-12-19 23:49:49 INFO  StaticFieldsAndRequests:83 - получена информация объекта класса List<Application>
2021-12-19 23:49:50 INFO  StaticFieldsAndRequests:69 - получен ответ запроса get класса List<Application>
2021-12-19 23:49:50 INFO  StaticFieldsAndRequests:83 - получена информация объекта класса List<Application>
2021-12-19 23:49:51 INFO  StaticFieldsAndRequests:69 - получен ответ запроса get класса List<Application>
2021-12-19 23:49:51 INFO  StaticFieldsAndRequests:83 - получена информация объекта класса List<Application>
2021-12-19 23:49:52 INFO  StaticFieldsAndRequests:69 - получен ответ запроса get класса List<Application>
2021-12-19 23:49:52 INFO  StaticFieldsAndRequests:83 - получена информация объекта класса List<Application>
